[debug] [2022-11-01T19:14:30.253Z] ----------------------------------------------------------------------
[debug] [2022-11-01T19:14:30.256Z] Command:       C:\Program Files\nodejs\node.exe C:\Users\design2\AppData\Roaming\npm\node_modules\firebase-tools\lib\bin\firebase.js init functions
[debug] [2022-11-01T19:14:30.256Z] CLI Version:   11.15.0
[debug] [2022-11-01T19:14:30.256Z] Platform:      win32
[debug] [2022-11-01T19:14:30.257Z] Node Version:  v16.15.0
[debug] [2022-11-01T19:14:30.259Z] Time:          Tue Nov 01 2022 15:14:30 GMT-0400 (Eastern Daylight Time)
[debug] [2022-11-01T19:14:30.260Z] ----------------------------------------------------------------------
[debug] 
[debug] [2022-11-01T19:14:30.349Z] > command requires scopes: ["email","openid","https://www.googleapis.com/auth/cloudplatformprojects.readonly","https://www.googleapis.com/auth/firebase","https://www.googleapis.com/auth/cloud-platform"]
[debug] [2022-11-01T19:14:30.349Z] > authorizing via signed-in user (daniel.keane@alphabetsigns.com)
[info] 
     ######## #### ########  ######## ########     ###     ######  ########
     ##        ##  ##     ## ##       ##     ##  ##   ##  ##       ##
     ######    ##  ########  ######   ########  #########  ######  ######
     ##        ##  ##    ##  ##       ##     ## ##     ##       ## ##
     ##       #### ##     ## ######## ########  ##     ##  ######  ########

You're about to initialize a Firebase project in this directory:

  C:\Users\design2\dev\project_tutorials\firebase-asapi-app

Before we get started, keep in mind:

  * You are initializing within an existing Firebase project directory

[info] 
=== Project Setup
[info] 
[info] First, let's associate this project directory with a Firebase project.
[info] You can create multiple project aliases by running firebase use --add, 
[info] but for now we'll just set up a default project.
[info] 
[debug] [2022-11-01T19:14:44.456Z] Using project from CLI flag: fir-asapi
[debug] [2022-11-01T19:14:44.458Z] > refreshing access token with scopes: []
[debug] [2022-11-01T19:14:44.461Z] >>> [apiv2][query] POST https://www.googleapis.com/oauth2/v3/token [none]
[debug] [2022-11-01T19:14:44.461Z] >>> [apiv2][body] POST https://www.googleapis.com/oauth2/v3/token [omitted]
[debug] [2022-11-01T19:14:44.661Z] <<< [apiv2][status] POST https://www.googleapis.com/oauth2/v3/token 200
[debug] [2022-11-01T19:14:44.661Z] <<< [apiv2][body] POST https://www.googleapis.com/oauth2/v3/token [omitted]
[debug] [2022-11-01T19:14:44.754Z] >>> [apiv2][query] GET https://firebase.googleapis.com/v1beta1/projects/fir-asapi [none]
[debug] [2022-11-01T19:14:45.091Z] <<< [apiv2][status] GET https://firebase.googleapis.com/v1beta1/projects/fir-asapi 200
[debug] [2022-11-01T19:14:45.092Z] <<< [apiv2][body] GET https://firebase.googleapis.com/v1beta1/projects/fir-asapi {"projectId":"fir-asapi","projectNumber":"114853796331","displayName":"firebase-asapi","name":"projects/fir-asapi","resources":{"hostingSite":"fir-asapi","storageBucket":"fir-asapi.appspot.com","locationId":"us-central"},"state":"ACTIVE","etag":"1_1b9875ad-6d54-4967-827e-eedf386e5946"}
[info] i  Using project fir-asapi (firebase-asapi) 
[info] 
=== Functions Setup
[debug] [2022-11-01T19:14:45.140Z] > command requires scopes: ["email","openid","https://www.googleapis.com/auth/cloudplatformprojects.readonly","https://www.googleapis.com/auth/firebase","https://www.googleapis.com/auth/cloud-platform"]
[debug] [2022-11-01T19:14:45.140Z] > authorizing via signed-in user (daniel.keane@alphabetsigns.com)
[debug] [2022-11-01T19:14:45.140Z] [iam] checking project fir-asapi for permissions ["firebase.projects.get"]
[debug] [2022-11-01T19:14:45.142Z] >>> [apiv2][query] POST https://cloudresourcemanager.googleapis.com/v1/projects/fir-asapi:testIamPermissions [none]
[debug] [2022-11-01T19:14:45.142Z] >>> [apiv2][(partial)header] POST https://cloudresourcemanager.googleapis.com/v1/projects/fir-asapi:testIamPermissions x-goog-quota-user=projects/fir-asapi
[debug] [2022-11-01T19:14:45.142Z] >>> [apiv2][body] POST https://cloudresourcemanager.googleapis.com/v1/projects/fir-asapi:testIamPermissions {"permissions":["firebase.projects.get"]}
[debug] [2022-11-01T19:14:45.322Z] <<< [apiv2][status] POST https://cloudresourcemanager.googleapis.com/v1/projects/fir-asapi:testIamPermissions 200
[debug] [2022-11-01T19:14:45.323Z] <<< [apiv2][body] POST https://cloudresourcemanager.googleapis.com/v1/projects/fir-asapi:testIamPermissions {"permissions":["firebase.projects.get"]}
[debug] [2022-11-01T19:14:45.324Z] >>> [apiv2][query] GET https://serviceusage.googleapis.com/v1/projects/fir-asapi/services/cloudfunctions.googleapis.com [none]
[debug] [2022-11-01T19:14:45.324Z] >>> [apiv2][(partial)header] GET https://serviceusage.googleapis.com/v1/projects/fir-asapi/services/cloudfunctions.googleapis.com x-goog-quota-user=projects/fir-asapi
[debug] [2022-11-01T19:14:45.327Z] >>> [apiv2][query] GET https://serviceusage.googleapis.com/v1/projects/fir-asapi/services/runtimeconfig.googleapis.com [none]
[debug] [2022-11-01T19:14:45.328Z] >>> [apiv2][(partial)header] GET https://serviceusage.googleapis.com/v1/projects/fir-asapi/services/runtimeconfig.googleapis.com x-goog-quota-user=projects/fir-asapi
[debug] [2022-11-01T19:14:45.718Z] <<< [apiv2][status] GET https://serviceusage.googleapis.com/v1/projects/fir-asapi/services/cloudfunctions.googleapis.com 200
[debug] [2022-11-01T19:14:45.718Z] <<< [apiv2][body] GET https://serviceusage.googleapis.com/v1/projects/fir-asapi/services/cloudfunctions.googleapis.com [omitted]
[debug] [2022-11-01T19:14:45.744Z] <<< [apiv2][status] GET https://serviceusage.googleapis.com/v1/projects/fir-asapi/services/runtimeconfig.googleapis.com 200
[debug] [2022-11-01T19:14:45.744Z] <<< [apiv2][body] GET https://serviceusage.googleapis.com/v1/projects/fir-asapi/services/runtimeconfig.googleapis.com [omitted]
[info] 
Detected existing codebase(s): default

[info] Let's create a new codebase for your functions.
[info] A directory corresponding to the codebase will be created in your project
[info] with sample code pre-configured.

[info] See https://firebase.google.com/docs/functions/organize-functions for
[info] more information on organizing your functions using codebases.

[info] Functions can be deployed with firebase deploy.

[error] functions.source must be unique but 'functions' was used more than once.
